# JRE version: Java(TM) SE Runtime Environment (17.0.7+8) (build 17.0.7+8-LTS-224)
# Java VM: Java HotSpot(TM) 64-Bit Server VM (17.0.7+8-LTS-224, mixed mode, sharing, tiered, compressed oops, compressed class ptrs, g1 gc, bsd-amd64)
GC Precious Log:
 CPUs: 8 total, 8 available
 Memory: 16384M
 Large Page Support: Disabled
 NUMA Support: Disabled
 Compressed Oops: Enabled (Zero based)
 Heap Region Size: 1M
 Heap Min Capacity: 256M
 Heap Initial Capacity: 256M
 Heap Max Capacity: 512M
 Pre-touch: Disabled
 Parallel Workers: 8
 Concurrent Workers: 2
 Concurrent Refinement Workers: 8
 Periodic GC: Disabled
Heap:
 garbage-first heap   total 524288K, used 332197K [0x00000007e0000000, 0x0000000800000000)
  region size 1024K, 39 young (39936K), 7 survivors (7168K)
 Metaspace       used 159290K, committed 160832K, reserved 462848K
  class space    used 19607K, committed 20352K, reserved 315392K
GC Heap History (20 events):
Event: 25472.817 GC heap before
{Heap before GC invocations=153 (full 0):
 garbage-first heap   total 524288K, used 332782K [0x00000007e0000000, 0x0000000800000000)
  region size 1024K, 50 young (51200K), 4 survivors (4096K)
 Metaspace       used 158075K, committed 159744K, reserved 462848K
  class space    used 19467K, committed 20224K, reserved 315392K
}
Event: 25472.826 GC heap after
{Heap after GC invocations=154 (full 0):
 garbage-first heap   total 524288K, used 296289K [0x00000007e0000000, 0x0000000800000000)
  region size 1024K, 14 young (14336K), 14 survivors (14336K)
 Metaspace       used 158075K, committed 159744K, reserved 462848K
  class space    used 19467K, committed 20224K, reserved 315392K
}
Event: 25473.740 GC heap before
{Heap before GC invocations=155 (full 0):
 garbage-first heap   total 524288K, used 413025K [0x00000007e0000000, 0x0000000800000000)
  region size 1024K, 127 young (130048K), 14 survivors (14336K)
 Metaspace       used 158522K, committed 159936K, reserved 462848K
  class space    used 19492K, committed 20224K, reserved 315392K
}
Event: 25473.763 GC heap after
{Heap after GC invocations=156 (full 0):
 garbage-first heap   total 524288K, used 301740K [0x00000007e0000000, 0x0000000800000000)
  region size 1024K, 13 young (13312K), 13 survivors (13312K)
 Metaspace       used 158522K, committed 159936K, reserved 462848K
  class space    used 19492K, committed 20224K, reserved 315392K
}
Event: 25473.806 GC heap before
{Heap before GC invocations=156 (full 0):
 garbage-first heap   total 524288K, used 314028K [0x00000007e0000000, 0x0000000800000000)
  region size 1024K, 25 young (25600K), 13 survivors (13312K)
 Metaspace       used 158531K, committed 159936K, reserved 462848K
  class space    used 19493K, committed 20224K, reserved 315392K
}
Event: 25473.828 GC heap after
{Heap after GC invocations=157 (full 0):
 garbage-first heap   total 524288K, used 290586K [0x00000007e0000000, 0x0000000800000000)
  region size 1024K, 3 young (3072K), 3 survivors (3072K)
 Metaspace       used 158531K, committed 159936K, reserved 462848K
  class space    used 19493K, committed 20224K, reserved 315392K
}
Event: 25474.415 GC heap before
{Heap before GC invocations=157 (full 0):
 garbage-first heap   total 524288K, used 413466K [0x00000007e0000000, 0x0000000800000000)
  region size 1024K, 123 young (125952K), 3 survivors (3072K)
 Metaspace       used 158630K, committed 160064K, reserved 462848K
  class space    used 19510K, committed 20224K, reserved 315392K
}
Event: 25474.422 GC heap after
{Heap after GC invocations=158 (full 0):
 garbage-first heap   total 524288K, used 294198K [0x00000007e0000000, 0x0000000800000000)
  region size 1024K, 7 young (7168K), 7 survivors (7168K)
 Metaspace       used 158630K, committed 160064K, reserved 462848K
  class space    used 19510K, committed 20224K, reserved 315392K
}
Event: 25475.233 GC heap before
{Heap before GC invocations=159 (full 0):
 garbage-first heap   total 524288K, used 404790K [0x00000007e0000000, 0x0000000800000000)
  region size 1024K, 130 young (133120K), 7 survivors (7168K)
 Metaspace       used 158807K, committed 160320K, reserved 462848K
  class space    used 19586K, committed 20288K, reserved 315392K
}
Event: 25475.252 GC heap after
{Heap after GC invocations=160 (full 0):
 garbage-first heap   total 524288K, used 290673K [0x00000007e0000000, 0x0000000800000000)
  region size 1024K, 17 young (17408K), 17 survivors (17408K)
 Metaspace       used 158807K, committed 160320K, reserved 462848K
  class space    used 19586K, committed 20288K, reserved 315392K
}
Event: 25508.278 GC heap before
{Heap before GC invocations=160 (full 0):
 garbage-first heap   total 524288K, used 298865K [0x00000007e0000000, 0x0000000800000000)
  region size 1024K, 25 young (25600K), 17 survivors (17408K)
 Metaspace       used 158820K, committed 160320K, reserved 462848K
  class space    used 19588K, committed 20288K, reserved 315392K
}
Event: 25508.299 GC heap after
{Heap after GC invocations=161 (full 0):
 garbage-first heap   total 524288K, used 266989K [0x00000007e0000000, 0x0000000800000000)
  region size 1024K, 2 young (2048K), 2 survivors (2048K)
 Metaspace       used 158820K, committed 160320K, reserved 462848K
  class space    used 19588K, committed 20288K, reserved 315392K
}
Event: 25508.364 GC heap before
{Heap before GC invocations=161 (full 0):
 garbage-first heap   total 524288K, used 275181K [0x00000007e0000000, 0x0000000800000000)
  region size 1024K, 11 young (11264K), 2 survivors (2048K)
 Metaspace       used 158880K, committed 160448K, reserved 462848K
  class space    used 19599K, committed 20352K, reserved 315392K
}
Event: 25508.367 GC heap after
{Heap after GC invocations=162 (full 0):
 garbage-first heap   total 524288K, used 266491K [0x00000007e0000000, 0x0000000800000000)
  region size 1024K, 2 young (2048K), 2 survivors (2048K)
 Metaspace       used 158880K, committed 160448K, reserved 462848K
  class space    used 19599K, committed 20352K, reserved 315392K
}
Event: 25509.082 GC heap before
{Heap before GC invocations=163 (full 0):
 garbage-first heap   total 524288K, used 440571K [0x00000007e0000000, 0x0000000800000000)
  region size 1024K, 153 young (156672K), 2 survivors (2048K)
 Metaspace       used 159266K, committed 160768K, reserved 462848K
  class space    used 19607K, committed 20352K, reserved 315392K
}
Event: 25509.099 GC heap after
{Heap after GC invocations=164 (full 0):
 garbage-first heap   total 524288K, used 297190K [0x00000007e0000000, 0x0000000800000000)
  region size 1024K, 20 young (20480K), 20 survivors (20480K)
 Metaspace       used 159266K, committed 160768K, reserved 462848K
  class space    used 19607K, committed 20352K, reserved 315392K
}
Event: 25509.129 GC heap before
{Heap before GC invocations=164 (full 0):
 garbage-first heap   total 524288K, used 302310K [0x00000007e0000000, 0x0000000800000000)
  region size 1024K, 25 young (25600K), 20 survivors (20480K)
 Metaspace       used 159266K, committed 160768K, reserved 462848K
  class space    used 19607K, committed 20352K, reserved 315392K
}
Event: 25509.156 GC heap after
{Heap after GC invocations=165 (full 0):
 garbage-first heap   total 524288K, used 296112K [0x00000007e0000000, 0x0000000800000000)
  region size 1024K, 3 young (3072K), 3 survivors (3072K)
 Metaspace       used 159266K, committed 160768K, reserved 462848K
  class space    used 19607K, committed 20352K, reserved 315392K
}
Event: 25509.382 GC heap before
{Heap before GC invocations=165 (full 0):
 garbage-first heap   total 524288K, used 324784K [0x00000007e0000000, 0x0000000800000000)
  region size 1024K, 32 young (32768K), 3 survivors (3072K)
 Metaspace       used 159282K, committed 160832K, reserved 462848K
  class space    used 19607K, committed 20352K, reserved 315392K
}
Event: 25509.389 GC heap after
{Heap after GC invocations=166 (full 0):
 garbage-first heap   total 524288K, used 299429K [0x00000007e0000000, 0x0000000800000000)
  region size 1024K, 7 young (7168K), 7 survivors (7168K)
 Metaspace       used 159282K, committed 160832K, reserved 462848K
  class space    used 19607K, committed 20352K, reserved 315392K
}

